c:\users\marco\source\repos\comp477-project\comp477-project\x64\debug\vc142.pdb
c:\users\marco\source\repos\comp477-project\comp477-project\x64\debug\vc142.idb
c:\users\marco\source\repos\comp477-project\comp477-project\x64\debug\spinningcube.obj
c:\users\marco\source\repos\comp477-project\comp477-project\x64\debug\sphsystem.obj
c:\users\marco\source\repos\comp477-project\comp477-project\x64\debug\shader.obj
c:\users\marco\source\repos\comp477-project\comp477-project\x64\debug\plane.obj
c:\users\marco\source\repos\comp477-project\comp477-project\x64\debug\particle.obj
c:\users\marco\source\repos\comp477-project\comp477-project\x64\debug\model.obj
c:\users\marco\source\repos\comp477-project\comp477-project\x64\debug\tester.obj
c:\users\marco\source\repos\comp477-project\comp477-project\x64\debug\imgui_impl_opengl2.obj
c:\users\marco\source\repos\comp477-project\comp477-project\x64\debug\imgui_impl_glut.obj
c:\users\marco\source\repos\comp477-project\comp477-project\x64\debug\geometry.obj
c:\users\marco\source\repos\comp477-project\comp477-project\x64\debug\camera.obj
c:\users\marco\source\repos\comp477-project\x64\debug\comp477-project.exe
c:\users\marco\source\repos\comp477-project\x64\debug\comp477-project.ilk
c:\users\marco\source\repos\comp477-project\x64\debug\comp477-project.pdb
c:\users\marco\source\repos\comp477-project\comp477-project\x64\debug\comp477-project.tlog\cl.command.1.tlog
c:\users\marco\source\repos\comp477-project\comp477-project\x64\debug\comp477-project.tlog\cl.read.1.tlog
c:\users\marco\source\repos\comp477-project\comp477-project\x64\debug\comp477-project.tlog\cl.write.1.tlog
c:\users\marco\source\repos\comp477-project\comp477-project\x64\debug\comp477-project.tlog\link.command.1.tlog
c:\users\marco\source\repos\comp477-project\comp477-project\x64\debug\comp477-project.tlog\link.read.1.tlog
c:\users\marco\source\repos\comp477-project\comp477-project\x64\debug\comp477-project.tlog\link.write.1.tlog
